<?xml version="1.0" encoding="UTF-8"?>
<!-- Generated by org.testng.reporters.JUnitReportReporter -->
<testsuite hostname="DESKTOP-RRR4LHT" failures="0" tests="1" name="get.GetExample2" time="4.926" errors="0" timestamp="2021-11-17T22:35:27 IST" skipped="0">
  <testcase classname="get.GetExample2" name="test1" time="4.926"/>
  <system-out/>
</testsuite> <!-- get.GetExample2 -->
