<?xml version="1.0" encoding="UTF-8"?>
<!-- Generated by org.testng.reporters.JUnitReportReporter -->
<testsuite hostname="DESKTOP-RRR4LHT" failures="0" tests="1" name="put.PutExample" time="3.901" errors="0" timestamp="2021-11-17T17:16:22 IST" skipped="0">
  <testcase classname="put.PutExample" name="test2" time="3.901"/>
  <system-out/>
</testsuite> <!-- put.PutExample -->
