<?xml version="1.0" encoding="UTF-8"?>
<!-- Generated by org.testng.reporters.JUnitReportReporter -->
<testsuite hostname="DESKTOP-RRR4LHT" failures="0" tests="1" name="post.PostExample" time="4.487" errors="0" timestamp="2021-11-17T16:27:50 IST" skipped="0">
  <testcase classname="post.PostExample" name="test2" time="4.487"/>
  <system-out/>
</testsuite> <!-- post.PostExample -->
