<?xml version="1.0" encoding="UTF-8"?>
<!-- Generated by org.testng.reporters.JUnitReportReporter -->
<testsuite hostname="DESKTOP-RRR4LHT" failures="0" tests="1" name="post.PostExampleMain" time="4.383" errors="0" timestamp="2021-11-18T20:37:55 IST" skipped="0">
  <testcase classname="post.PostExampleMain" name="postRequest" time="4.383"/>
  <system-out/>
</testsuite> <!-- post.PostExampleMain -->
