<?xml version="1.0" encoding="UTF-8"?>
<!-- Generated by org.testng.reporters.JUnitReportReporter -->
<testsuite hostname="DESKTOP-RRR4LHT" failures="0" tests="1" name="delete.DeleteExample" time="5.104" errors="0" timestamp="2021-11-17T17:05:30 IST" skipped="0">
  <testcase classname="delete.DeleteExample" name="test3" time="5.104"/>
  <system-out/>
</testsuite> <!-- delete.DeleteExample -->
