<?xml version="1.0" encoding="UTF-8"?>
<!-- Generated by org.testng.reporters.JUnitReportReporter -->
<testsuite hostname="DESKTOP-RRR4LHT" failures="0" tests="2" name="com.RestClass" time="4.678" errors="0" timestamp="2021-11-17T15:52:33 IST" skipped="0">
  <testcase classname="com.RestClass" name="test1" time="1.343"/>
  <system-out/>
  <testcase classname="com.RestClass" name="test" time="3.335"/>
  <system-out/>
</testsuite> <!-- com.RestClass -->
