<?xml version="1.0" encoding="UTF-8"?>
<!-- Generated by org.testng.reporters.JUnitReportReporter -->
<testsuite hostname="DESKTOP-RRR4LHT" failures="0" tests="1" name="com.RestExample2" time="6.107" errors="0" timestamp="2021-11-17T16:13:19 IST" skipped="0">
  <testcase classname="com.RestExample2" name="test1" time="6.107"/>
  <system-out/>
</testsuite> <!-- com.RestExample2 -->
