<?xml version="1.0" encoding="UTF-8"?>
<!-- Generated by org.testng.reporters.JUnitReportReporter -->
<testsuite hostname="DESKTOP-RRR4LHT" failures="0" tests="1" name="patch.PatchExample" time="4.187" errors="0" timestamp="2021-11-17T16:51:13 IST" skipped="0">
  <testcase classname="patch.PatchExample" name="test2" time="4.187"/>
  <system-out/>
</testsuite> <!-- patch.PatchExample -->
