<?xml version="1.0" encoding="UTF-8"?>
<!-- Generated by org.testng.reporters.JUnitReportReporter -->
<testsuite hostname="DESKTOP-RRR4LHT" failures="0" tests="6" name="TestNg.Test1" time="17.292" errors="0" timestamp="2021-11-10T08:43:52 IST" skipped="0">
  <testcase classname="TestNg.Test1" name="testingTitle" time="8.054"/>
  <system-out/>
  <testcase classname="TestNg.Test1" name="userRegistration" time="1.301"/>
  <system-out/>
  <testcase classname="TestNg.Test1" name="countrySelection" time="0.094"/>
  <system-out/>
  <testcase classname="TestNg.Test1" name="fillForm" time="1.821"/>
  <system-out/>
  <testcase classname="TestNg.Test1" name="logIn" time="3.675"/>
  <system-out/>
  <testcase classname="TestNg.Test1" name="flightCheck" time="2.347"/>
  <system-out/>
</testsuite> <!-- TestNg.Test1 -->
