<?xml version="1.0" encoding="UTF-8"?>
<!-- Generated by org.testng.reporters.JUnitReportReporter -->
<testsuite hostname="ustjava14" failures="0" tests="10" name="StepsTest.NewTest" time="16.302" errors="0" timestamp="2021-11-03T10:19:19 GMT+05:30" skipped="0">
  <testcase classname="StepsTest.NewTest" name="f6" time="0.841"/>
  <system-out/>
  <testcase classname="StepsTest.NewTest" name="f1" time="2.480"/>
  <system-out/>
  <testcase classname="StepsTest.NewTest" name="a" time="0.024"/>
  <system-out/>
  <testcase classname="StepsTest.NewTest" name="f" time="1.665"/>
  <system-out/>
  <testcase classname="StepsTest.NewTest" name="f4" time="0.044"/>
  <system-out/>
  <testcase classname="StepsTest.NewTest" name="m" time="2.171"/>
  <system-out/>
  <testcase classname="StepsTest.NewTest" name="f7" time="2.056"/>
  <system-out/>
  <testcase classname="StepsTest.NewTest" name="f2" time="5.298"/>
  <system-out/>
  <testcase classname="StepsTest.NewTest" name="f5" time="0.033"/>
  <system-out/>
  <testcase classname="StepsTest.NewTest" name="f3" time="1.690"/>
  <system-out/>
</testsuite> <!-- StepsTest.NewTest -->
