<?xml version="1.0" encoding="UTF-8"?>
<!-- Generated by org.testng.reporters.JUnitReportReporter -->
<testsuite hostname="ustjava14" failures="0" tests="2" name="testRunner.testRunner" time="17.150" errors="0" timestamp="2021-11-09T13:25:28 GMT+05:30" skipped="0">
  <testcase classname="testRunner.testRunner" name="runScenario" time="6.171"/>
  <system-out/>
  <testcase classname="testRunner.testRunner" name="runScenario" time="10.979"/>
  <system-out/>
</testsuite> <!-- testRunner.testRunner -->
