<?xml version="1.0" encoding="UTF-8"?>
<!-- Generated by org.testng.reporters.JUnitReportReporter -->
<testsuite hostname="DESKTOP-RRR4LHT" failures="0" tests="1" name="operations.PostTest" time="4.885" errors="0" timestamp="2021-12-15T16:52:05 IST" skipped="0">
  <testcase classname="operations.PostTest" name="test2" time="4.885"/>
  <system-out/>
</testsuite> <!-- operations.PostTest -->
