<?xml version="1.0" encoding="UTF-8"?>
<!-- Generated by org.testng.reporters.JUnitReportReporter -->
<testsuite hostname="DESKTOP-RRR4LHT" failures="0" tests="3" name="idempotentOperations.GetPutDeleteTest" time="5.807" errors="0" timestamp="2021-12-15T16:51:38 IST" skipped="0">
  <testcase classname="idempotentOperations.GetPutDeleteTest" name="Put" time="0.921"/>
  <system-out/>
  <testcase classname="idempotentOperations.GetPutDeleteTest" name="Get" time="0.288"/>
  <system-out/>
  <testcase classname="idempotentOperations.GetPutDeleteTest" name="Delete" time="4.598"/>
  <system-out/>
</testsuite> <!-- idempotentOperations.GetPutDeleteTest -->
