<?xml version="1.0" encoding="UTF-8"?>
<!-- Generated by org.testng.reporters.JUnitReportReporter -->
<testsuite hostname="ustjava82" failures="0" tests="1" name="TestNGpractice.NewTestClass" time="0.240" errors="0" timestamp="2021-10-27T12:32:40 GMT+05:30" skipped="0">
  <testcase classname="TestNGpractice.NewTestClass" name="f" time="0.240"/>
  <system-out/>
</testsuite> <!-- TestNGpractice.NewTestClass -->
