<?xml version="1.0" encoding="UTF-8"?>
<!-- Generated by org.testng.reporters.JUnitReportReporter -->
<testsuite skipped="1" hostname="ustjava82" name="TestNGpractice.NewTestClass1" tests="1" failures="0" timestamp="2021-11-08T22:59:18 GMT+05:30" time="0.000" errors="0">
  <testcase name="calculatepercent" time="0.000" classname="TestNGpractice.NewTestClass1">
    <skipped/>
  </testcase> <!-- calculatepercent -->
  <system-out/>
</testsuite> <!-- TestNGpractice.NewTestClass1 -->
